<?xml version="1.0" encoding="UTF-8"?>
<!-- Generated by org.testng.reporters.JUnitXMLReporter -->
<testsuite ignored="1" hostname="INBOOK_X3_Slim" failures="1" tests="1" name="Default test(failed)" time="14.43" errors="0" timestamp="2024-04-05T12:44:47 IST">
  <testcase classname="Page_Object_Model.Login_Page_Guru99_TestActions" name="TestLogin" time="2.533">
    <failure type="java.lang.AssertionError" message="expected [Guru99 Demo Sites] but found [Login: Mercury Tours]">
      <![CDATA[java.lang.AssertionError: expected [Guru99 Demo Sites] but found [Login: Mercury Tours]
at Page_Object_Model.Login_Page_Guru99_TestActions.TestLogin(Login_Page_Guru99_TestActions.java:31)
at java.base/java.util.ArrayList.forEach(ArrayList.java:1596)
... Removed 31 stack frames]]>
    </failure>
  </testcase> <!-- TestLogin -->
  <testcase classname="Page_Object_Model.Login_Page_Guru99_TestActions" name="Logo_Check" time="0.0">
    <ignored/>
  </testcase> <!-- Logo_Check -->
</testsuite> <!-- Default test(failed) -->
