<?xml version="1.0" encoding="UTF-8"?>
<!-- Generated by org.testng.reporters.JUnitXMLReporter -->
<testsuite ignored="0" hostname="INBOOK_X3_Slim" failures="0" tests="3" name="Default test" time="8.385" errors="0" timestamp="2024-04-10T10:39:25 IST">
  <testcase classname="TestNG_Suite.ThirdTest" name="OpenApp" time="1.505"/>
  <testcase classname="TestNG_Suite.ThirdTest" name="Login" time="6.536"/>
  <testcase classname="TestNG_Suite.ThirdTest" name="CloseApp" time="0.208"/>
</testsuite> <!-- Default test -->
