<?xml version="1.0" encoding="UTF-8"?>
<!-- Generated by org.testng.reporters.JUnitXMLReporter -->
<testsuite ignored="0" hostname="INBOOK_X3_Slim" failures="0" tests="3" name="Default test" time="9.29" errors="0" timestamp="2024-04-09T10:40:54 IST">
  <testcase classname="TestNG_Suite.ThirdTest" name="OpenApp" time="7.219"/>
  <testcase classname="TestNG_Suite.ThirdTest" name="Login" time="1.913"/>
  <testcase classname="TestNG_Suite.ThirdTest" name="CloseApp" time="0.115"/>
</testsuite> <!-- Default test -->
