<?xml version="1.0" encoding="UTF-8"?>
<!-- Generated by org.testng.reporters.JUnitXMLReporter -->
<testsuite ignored="0" hostname="INBOOK_X3_Slim" failures="0" tests="3" name="ChromeTest" time="14.564" errors="0" timestamp="2024-04-03T12:24:09 IST">
  <testcase classname="TestNG_Suite.Parameterized_TestUsing_XML" name="TestLogin" time="0.017"/>
  <testcase classname="TestNG_Suite.Parameterized_TestUsing_XML" name="TestLogo" time="0.052"/>
  <testcase classname="TestNG_Suite.Parameterized_TestUsing_XML" name="TestTitleOfPage" time="0.017"/>
</testsuite> <!-- ChromeTest -->
