<?xml version="1.0" encoding="UTF-8"?>
<!-- Generated by org.testng.reporters.JUnitXMLReporter -->
<testsuite ignored="0" hostname="INBOOK_X3_Slim" failures="0" tests="3" name="FirefoxTest" time="18.562" errors="0" timestamp="2024-04-03T12:24:13 IST">
  <testcase classname="TestNG_Suite.Parameterized_TestUsing_XML" name="TestLogin" time="0.004"/>
  <testcase classname="TestNG_Suite.Parameterized_TestUsing_XML" name="TestLogo" time="0.04"/>
  <testcase classname="TestNG_Suite.Parameterized_TestUsing_XML" name="TestTitleOfPage" time="0.009"/>
</testsuite> <!-- FirefoxTest -->
