<?xml version="1.0" encoding="UTF-8"?>
<!-- Generated by org.testng.reporters.JUnitXMLReporter -->
<testsuite ignored="3" hostname="INBOOK_X3_Slim" failures="0" tests="6" name="GroupingTest" time="0.045" errors="0" timestamp="2024-04-03T10:17:51 IST">
  <testcase classname="TestNG_Suite.Grouping_Demo" name="LoginByEmail" time="0.008"/>
  <testcase classname="TestNG_Suite.Grouping_Demo" name="LoginByFacebook" time="0.001"/>
  <testcase classname="TestNG_Suite.Grouping_Demo" name="LoginByTwitter" time="0.0"/>
  <testcase classname="TestNG_Suite.Grouping_Demo" name="SignUpByEmail" time="0.0"/>
  <testcase classname="TestNG_Suite.Grouping_Demo" name="PaymentInRupees" time="0.0"/>
  <testcase classname="TestNG_Suite.Grouping_Demo" name="PaymentInDollars" time="0.001"/>
  <testcase classname="TestNG_Suite.Grouping_Demo" name="SignUpByTwitter" time="0.0">
    <ignored/>
  </testcase> <!-- SignUpByTwitter -->
  <testcase classname="TestNG_Suite.Grouping_Demo" name="PaymentInEuros" time="0.0">
    <ignored/>
  </testcase> <!-- PaymentInEuros -->
  <testcase classname="TestNG_Suite.Grouping_Demo" name="SignUpByFacebook" time="0.0">
    <ignored/>
  </testcase> <!-- SignUpByFacebook -->
</testsuite> <!-- GroupingTest -->
