<?xml version="1.0" encoding="UTF-8"?>
<!-- Generated by org.testng.reporters.JUnitXMLReporter -->
<testsuite ignored="0" hostname="INBOOK_X3_Slim" failures="0" tests="9" name="MyThirdTest" time="9.283" errors="0" timestamp="2024-03-29T11:57:32 IST">
  <testcase classname="TestNG_Suite.FirstTest" name="test1" time="0.008"/>
  <testcase classname="TestNG_Suite.FirstTest" name="test2" time="0.002"/>
  <testcase classname="TestNG_Suite.FirstTest" name="test3" time="0.001"/>
  <testcase classname="TestNG_Suite.SecondTest" name="Login" time="0.002"/>
  <testcase classname="TestNG_Suite.SecondTest" name="Search" time="0.001"/>
  <testcase classname="TestNG_Suite.SecondTest" name="Logout" time="0.0"/>
  <testcase classname="TestNG_Suite.ThirdTest" name="OpenApp" time="7.096"/>
  <testcase classname="TestNG_Suite.ThirdTest" name="Login" time="2.021"/>
  <testcase classname="TestNG_Suite.ThirdTest" name="CloseApp" time="0.106"/>
</testsuite> <!-- MyThirdTest -->
