<?xml version="1.0" encoding="UTF-8"?>
<!-- Generated by org.testng.reporters.JUnitXMLReporter -->
<testsuite ignored="0" hostname="INBOOK_X3_Slim" failures="0" tests="3" name="ParameterizedTest" time="16.685" errors="0" timestamp="2024-04-03T11:45:15 IST">
  <testcase classname="TestNG_Suite.Parameterized_TestUsing_XML" name="TestLogin" time="0.015"/>
  <testcase classname="TestNG_Suite.Parameterized_TestUsing_XML" name="TestLogo" time="0.063"/>
  <testcase classname="TestNG_Suite.Parameterized_TestUsing_XML" name="TestTitleOfPage" time="0.015"/>
</testsuite> <!-- ParameterizedTest -->
