<?xml version="1.0" encoding="UTF-8"?>
<!-- Generated by org.testng.reporters.JUnitXMLReporter -->
<testsuite ignored="0" hostname="INBOOK_X3_Slim" failures="0" tests="3" name="Test" time="7.855" errors="0" timestamp="2024-04-09T10:39:56 IST">
  <testcase classname="TestNG_Suite.ThirdTest" name="OpenApp" time="5.336"/>
  <testcase classname="TestNG_Suite.ThirdTest" name="Login" time="2.347"/>
  <testcase classname="TestNG_Suite.ThirdTest" name="CloseApp" time="0.129"/>
</testsuite> <!-- Test -->
