<?xml version="1.0" encoding="UTF-8"?>
<!-- Generated by org.testng.reporters.JUnitXMLReporter -->
<testsuite ignored="0" hostname="INBOOK_X3_Slim" failures="0" tests="3" name="Test" time="11.675" errors="0" timestamp="2024-04-10T10:52:08 IST">
  <testcase classname="TestNG_Suite.ThirdTest" name="OpenApp" time="8.006"/>
  <testcase classname="TestNG_Suite.ThirdTest" name="Login" time="3.305"/>
  <testcase classname="TestNG_Suite.ThirdTest" name="CloseApp" time="0.164"/>
</testsuite> <!-- Test -->
