<?xml version="1.0" encoding="UTF-8"?>
<testng-results ignored="0" total="3" passed="3" failed="0" skipped="0">
  <reporter-output>
  </reporter-output>
  <suite started-at="2024-04-10T10:51:56 IST" name="Suite" finished-at="2024-04-10T10:52:08 IST" duration-ms="11675">
    <groups>
    </groups>
    <test started-at="2024-04-10T10:51:56 IST" name="Test" finished-at="2024-04-10T10:52:08 IST" duration-ms="11675">
      <class name="TestNG_Suite.ThirdTest">
        <test-method signature="OpenApp()[pri:1, instance:TestNG_Suite.ThirdTest@424ebba3]" started-at="2024-04-10T10:51:56 IST" name="OpenApp" finished-at="2024-04-10T10:52:04 IST" duration-ms="8006" status="PASS">
          <reporter-output>
          </reporter-output>
        </test-method> <!-- OpenApp -->
        <test-method signature="Login()[pri:2, instance:TestNG_Suite.ThirdTest@424ebba3]" started-at="2024-04-10T10:52:04 IST" name="Login" finished-at="2024-04-10T10:52:08 IST" duration-ms="3305" status="PASS">
          <reporter-output>
          </reporter-output>
        </test-method> <!-- Login -->
        <test-method signature="CloseApp()[pri:3, instance:TestNG_Suite.ThirdTest@424ebba3]" started-at="2024-04-10T10:52:08 IST" name="CloseApp" finished-at="2024-04-10T10:52:08 IST" duration-ms="164" status="PASS">
          <reporter-output>
          </reporter-output>
        </test-method> <!-- CloseApp -->
      </class> <!-- TestNG_Suite.ThirdTest -->
    </test> <!-- Test -->
  </suite> <!-- Suite -->
</testng-results>
