<?xml version="1.0" encoding="UTF-8"?>
<testng-results ignored="0" total="3" passed="3" failed="0" skipped="0">
  <reporter-output>
  </reporter-output>
  <suite started-at="2024-04-09T10:40:45 IST" name="Default suite" finished-at="2024-04-09T10:40:54 IST" duration-ms="9290">
    <groups>
    </groups>
    <test started-at="2024-04-09T10:40:45 IST" name="Default test" finished-at="2024-04-09T10:40:54 IST" duration-ms="9290">
      <class name="TestNG_Suite.ThirdTest">
        <test-method signature="OpenApp()[pri:1, instance:TestNG_Suite.ThirdTest@7e5d9a50]" started-at="2024-04-09T10:40:45 IST" name="OpenApp" finished-at="2024-04-09T10:40:52 IST" duration-ms="7219" status="PASS">
          <reporter-output>
          </reporter-output>
        </test-method> <!-- OpenApp -->
        <test-method signature="Login()[pri:2, instance:TestNG_Suite.ThirdTest@7e5d9a50]" started-at="2024-04-09T10:40:52 IST" name="Login" finished-at="2024-04-09T10:40:54 IST" duration-ms="1913" status="PASS">
          <reporter-output>
          </reporter-output>
        </test-method> <!-- Login -->
        <test-method signature="CloseApp()[pri:3, instance:TestNG_Suite.ThirdTest@7e5d9a50]" started-at="2024-04-09T10:40:54 IST" name="CloseApp" finished-at="2024-04-09T10:40:54 IST" duration-ms="115" status="PASS">
          <reporter-output>
          </reporter-output>
        </test-method> <!-- CloseApp -->
      </class> <!-- TestNG_Suite.ThirdTest -->
    </test> <!-- Default test -->
  </suite> <!-- Default suite -->
</testng-results>
